c:\users\tanyo\source\repos\.comg\release\application.ipdb
c:\users\tanyo\source\repos\.comg\release\application.iobj
c:\users\tanyo\source\repos\.comg\application\release\vc142.pdb
c:\users\tanyo\source\repos\.comg\application\release\utility.obj
c:\users\tanyo\source\repos\.comg\application\release\shader.obj
c:\users\tanyo\source\repos\.comg\application\release\scenelight2.obj
c:\users\tanyo\source\repos\.comg\application\release\scenelight1.obj
c:\users\tanyo\source\repos\.comg\application\release\scene4.obj
c:\users\tanyo\source\repos\.comg\application\release\scene3.obj
c:\users\tanyo\source\repos\.comg\application\release\scene1.obj
c:\users\tanyo\source\repos\.comg\application\release\main.obj
c:\users\tanyo\source\repos\.comg\application\release\application.obj
c:\users\tanyo\source\repos\.comg\application\release\scene2.obj
c:\users\tanyo\source\repos\.comg\application\release\scene5.obj
c:\users\tanyo\source\repos\.comg\application\release\meshbuilder.obj
c:\users\tanyo\source\repos\.comg\application\release\mesh.obj
c:\users\tanyo\source\repos\.comg\application\release\camera2.obj
c:\users\tanyo\source\repos\.comg\application\release\camera.obj
c:\users\tanyo\source\repos\.comg\application\release\sceneassignment1.obj
c:\users\tanyo\source\repos\.comg\release\application.exe
c:\users\tanyo\source\repos\.comg\release\application.pdb
c:\users\tanyo\source\repos\.comg\application\release\application.tlog\application.write.1u.tlog
c:\users\tanyo\source\repos\.comg\application\release\application.tlog\cl.command.1.tlog
c:\users\tanyo\source\repos\.comg\application\release\application.tlog\cl.read.1.tlog
c:\users\tanyo\source\repos\.comg\application\release\application.tlog\cl.write.1.tlog
c:\users\tanyo\source\repos\.comg\application\release\application.tlog\link.command.1.tlog
c:\users\tanyo\source\repos\.comg\application\release\application.tlog\link.read.1.tlog
c:\users\tanyo\source\repos\.comg\application\release\application.tlog\link.write.1.tlog
