c:\users\tanyo\source\repos\.comg\application\debug\vc142.pdb
c:\users\tanyo\source\repos\.comg\application\debug\vc142.idb
c:\users\tanyo\source\repos\.comg\application\debug\main.obj
c:\users\tanyo\source\repos\.comg\application\debug\application.obj
c:\users\tanyo\source\repos\.comg\application\debug\scene2.obj
c:\users\tanyo\source\repos\.comg\application\debug\scene5.obj
c:\users\tanyo\source\repos\.comg\application\debug\meshbuilder.obj
c:\users\tanyo\source\repos\.comg\application\debug\mesh.obj
c:\users\tanyo\source\repos\.comg\application\debug\camera2.obj
c:\users\tanyo\source\repos\.comg\application\debug\camera.obj
c:\users\tanyo\source\repos\.comg\application\debug\sceneassignment1.obj
c:\users\tanyo\source\repos\.comg\application\debug\loadtga.obj
c:\users\tanyo\source\repos\.comg\application\debug\loadobj.obj
c:\users\tanyo\source\repos\.comg\application\debug\firstpersoncamera.obj
c:\users\tanyo\source\repos\.comg\application\debug\position3d.obj
c:\users\tanyo\source\repos\.comg\application\debug\entitymanager.obj
c:\users\tanyo\source\repos\.comg\application\debug\entity.obj
c:\users\tanyo\source\repos\.comg\application\debug\meshhandler.obj
c:\users\tanyo\source\repos\.comg\application\debug\sonic.obj
c:\users\tanyo\source\repos\.comg\application\debug\scene.obj
c:\users\tanyo\source\repos\.comg\application\debug\coin.obj
c:\users\tanyo\source\repos\.comg\application\debug\utility.obj
c:\users\tanyo\source\repos\.comg\application\debug\shader.obj
c:\users\tanyo\source\repos\.comg\application\debug\sceneui.obj
c:\users\tanyo\source\repos\.comg\application\debug\scenetexture.obj
c:\users\tanyo\source\repos\.comg\application\debug\scenetext.obj
c:\users\tanyo\source\repos\.comg\application\debug\sceneskybox.obj
c:\users\tanyo\source\repos\.comg\application\debug\scenemodel.obj
c:\users\tanyo\source\repos\.comg\application\debug\scenelight2.obj
c:\users\tanyo\source\repos\.comg\application\debug\scenelight1.obj
c:\users\tanyo\source\repos\.comg\application\debug\sceneassignment2.obj
c:\users\tanyo\source\repos\.comg\application\debug\scene4.obj
c:\users\tanyo\source\repos\.comg\application\debug\scene3.obj
c:\users\tanyo\source\repos\.comg\application\debug\scene1.obj
c:\users\tanyo\source\repos\.comg\application\debug\hitbox.obj
c:\users\tanyo\source\repos\.comg\application\debug\npc.obj
c:\users\tanyo\source\repos\.comg\application\debug\customentity.obj
c:\users\tanyo\source\repos\.comg\application\debug\worldobject.obj
c:\users\tanyo\source\repos\.comg\application\debug\sceneraceassignment2.obj
c:\users\tanyo\source\repos\.comg\debug\application.exe
c:\users\tanyo\source\repos\.comg\debug\application.ilk
c:\users\tanyo\source\repos\.comg\debug\application.pdb
c:\users\tanyo\source\repos\.comg\application\debug\sceneassignment2.new.obj.enc
c:\users\tanyo\source\repos\.comg\application\debug\application.tlog\cl.command.1.tlog
c:\users\tanyo\source\repos\.comg\application\debug\application.tlog\cl.read.1.tlog
c:\users\tanyo\source\repos\.comg\application\debug\application.tlog\cl.write.1.tlog
c:\users\tanyo\source\repos\.comg\application\debug\application.tlog\link.command.1.tlog
c:\users\tanyo\source\repos\.comg\application\debug\application.tlog\link.read.1.tlog
c:\users\tanyo\source\repos\.comg\application\debug\application.tlog\link.write.1.tlog
