  SceneRaceAssignment2.cpp
C:\Users\tanyo\source\repos\.COMG\Application\Source\SceneRaceAssignment2.cpp(111,32): warning C4305: 'argument': truncation from 'double' to 'float'
C:\Users\tanyo\source\repos\.COMG\Application\Source\SceneRaceAssignment2.cpp(212,24): warning C4244: '+=': conversion from 'double' to 'float', possible loss of data
C:\Users\tanyo\source\repos\.COMG\Application\Source\SceneRaceAssignment2.cpp(213,25): warning C4244: '+=': conversion from 'double' to 'float', possible loss of data
C:\Users\tanyo\source\repos\.COMG\Application\Source\SceneRaceAssignment2.cpp(215,10): warning C4244: '=': conversion from 'double' to 'float', possible loss of data
C:\Users\tanyo\source\repos\.COMG\Application\Source\SceneRaceAssignment2.cpp(218,20): warning C4305: '+=': truncation from 'double' to 'float'
C:\Users\tanyo\source\repos\.COMG\Application\Source\SceneRaceAssignment2.cpp(224,20): warning C4305: '-=': truncation from 'double' to 'float'
  FirstPersonCamera.cpp
  SceneAssignment1.cpp
  Camera.cpp
  Camera2.cpp
C:\Users\tanyo\source\repos\.COMG\Application\Source\Camera2.cpp(104,52): warning C4305: 'argument': truncation from 'double' to 'float'
C:\Users\tanyo\source\repos\.COMG\Application\Source\Camera2.cpp(108,52): warning C4305: 'argument': truncation from 'double' to 'float'
  Scene5.cpp
C:\Users\tanyo\source\repos\.COMG\Application\Source\Scene5.cpp(71,23): warning C4244: '+=': conversion from 'double' to 'float', possible loss of data
C:\Users\tanyo\source\repos\.COMG\Application\Source\Scene5.cpp(72,26): warning C4244: '+=': conversion from 'double' to 'float', possible loss of data
C:\Users\tanyo\source\repos\.COMG\Application\Source\Scene5.cpp(75,20): warning C4305: '+=': truncation from 'double' to 'float'
C:\Users\tanyo\source\repos\.COMG\Application\Source\Scene5.cpp(81,20): warning C4305: '-=': truncation from 'double' to 'float'
C:\Users\tanyo\source\repos\.COMG\Application\Source\Scene5.cpp(176,33): warning C4244: 'argument': conversion from 'double' to 'float', possible loss of data
C:\Users\tanyo\source\repos\.COMG\Application\Source\Scene5.cpp(187,34): warning C4244: 'argument': conversion from 'double' to 'float', possible loss of data
C:\Users\tanyo\source\repos\.COMG\Application\Source\Scene5.cpp(196,35): warning C4244: 'argument': conversion from 'double' to 'float', possible loss of data
C:\Users\tanyo\source\repos\.COMG\Application\Source\Scene5.cpp(206,35): warning C4244: 'argument': conversion from 'double' to 'float', possible loss of data
C:\Users\tanyo\source\repos\.COMG\Application\Source\Scene5.cpp(216,35): warning C4244: 'argument': conversion from 'double' to 'float', possible loss of data
  Application.cpp
  main.cpp
  Scene4.cpp
C:\Users\tanyo\source\repos\.COMG\Application\Source\Scene4.cpp(68,20): warning C4305: '+=': truncation from 'double' to 'float'
C:\Users\tanyo\source\repos\.COMG\Application\Source\Scene4.cpp(74,20): warning C4305: '-=': truncation from 'double' to 'float'
  SceneAssignment2.cpp
C:\Users\tanyo\source\repos\.COMG\Application\Source\SceneAssignment2.cpp(150,40): warning C4305: '=': truncation from 'double' to 'float'
C:\Users\tanyo\source\repos\.COMG\Application\Source\SceneAssignment2.cpp(151,40): warning C4305: '=': truncation from 'double' to 'float'
C:\Users\tanyo\source\repos\.COMG\Application\Source\SceneAssignment2.cpp(152,40): warning C4305: '=': truncation from 'double' to 'float'
C:\Users\tanyo\source\repos\.COMG\Application\Source\SceneAssignment2.cpp(153,40): warning C4305: '=': truncation from 'double' to 'float'
C:\Users\tanyo\source\repos\.COMG\Application\Source\SceneAssignment2.cpp(161,41): warning C4305: '=': truncation from 'double' to 'float'
C:\Users\tanyo\source\repos\.COMG\Application\Source\SceneAssignment2.cpp(162,42): warning C4244: '=': conversion from 'int' to 'float', possible loss of data
C:\Users\tanyo\source\repos\.COMG\Application\Source\SceneAssignment2.cpp(163,41): warning C4305: '=': truncation from 'double' to 'float'
C:\Users\tanyo\source\repos\.COMG\Application\Source\SceneAssignment2.cpp(164,41): warning C4305: '=': truncation from 'double' to 'float'
C:\Users\tanyo\source\repos\.COMG\Application\Source\SceneAssignment2.cpp(165,41): warning C4305: '=': truncation from 'double' to 'float'
C:\Users\tanyo\source\repos\.COMG\Application\Source\SceneAssignment2.cpp(170,40): warning C4305: '=': truncation from 'double' to 'float'
C:\Users\tanyo\source\repos\.COMG\Application\Source\SceneAssignment2.cpp(171,40): warning C4305: '=': truncation from 'double' to 'float'
C:\Users\tanyo\source\repos\.COMG\Application\Source\SceneAssignment2.cpp(172,40): warning C4305: '=': truncation from 'double' to 'float'
C:\Users\tanyo\source\repos\.COMG\Application\Source\SceneAssignment2.cpp(192,39): warning C4305: '=': truncation from 'double' to 'float'
C:\Users\tanyo\source\repos\.COMG\Application\Source\SceneAssignment2.cpp(193,39): warning C4305: '=': truncation from 'double' to 'float'
C:\Users\tanyo\source\repos\.COMG\Application\Source\SceneAssignment2.cpp(194,39): warning C4305: '=': truncation from 'double' to 'float'
C:\Users\tanyo\source\repos\.COMG\Application\Source\SceneAssignment2.cpp(197,39): warning C4305: '=': truncation from 'double' to 'float'
C:\Users\tanyo\source\repos\.COMG\Application\Source\SceneAssignment2.cpp(204,78): warning C4244: '=': conversion from 'double' to 'float', possible loss of data
C:\Users\tanyo\source\repos\.COMG\Application\Source\SceneAssignment2.cpp(262,34): warning C4305: 'argument': truncation from 'double' to 'float'
C:\Users\tanyo\source\repos\.COMG\Application\Source\SceneAssignment2.cpp(275,34): warning C4305: 'argument': truncation from 'double' to 'float'
C:\Users\tanyo\source\repos\.COMG\Application\Source\SceneAssignment2.cpp(450,10): warning C4244: '=': conversion from 'double' to 'float', possible loss of data
C:\Users\tanyo\source\repos\.COMG\Application\Source\SceneAssignment2.cpp(451,21): warning C4244: '+=': conversion from 'double' to 'float', possible loss of data
C:\Users\tanyo\source\repos\.COMG\Application\Source\SceneAssignment2.cpp(504,36): warning C4244: '+=': conversion from 'double' to 'float', possible loss of data
C:\Users\tanyo\source\repos\.COMG\Application\Source\SceneAssignment2.cpp(506,10): warning C4244: 'initializing': conversion from 'float' to 'int', possible loss of data
C:\Users\tanyo\source\repos\.COMG\Application\Source\SceneAssignment2.cpp(507,52): warning C4244: '+=': conversion from 'double' to 'float', possible loss of data
C:\Users\tanyo\source\repos\.COMG\Application\Source\SceneAssignment2.cpp(508,39): warning C4244: '-=': conversion from 'double' to 'float', possible loss of data
C:\Users\tanyo\source\repos\.COMG\Application\Source\SceneAssignment2.cpp(883,82): warning C4305: 'argument': truncation from 'double' to 'float'
C:\Users\tanyo\source\repos\.COMG\Application\Source\SceneAssignment2.cpp(886,37): warning C4305: 'argument': truncation from 'double' to 'float'
C:\Users\tanyo\source\repos\.COMG\Application\Source\SceneAssignment2.cpp(890,71): warning C4305: 'argument': truncation from 'double' to 'float'
C:\Users\tanyo\source\repos\.COMG\Application\Source\SceneAssignment2.cpp(904,80): warning C4244: 'argument': conversion from 'double' to 'float', possible loss of data
C:\Users\tanyo\source\repos\.COMG\Application\Source\SceneAssignment2.cpp(904,60): warning C4244: 'argument': conversion from 'double' to 'float', possible loss of data
C:\Users\tanyo\source\repos\.COMG\Application\Source\SceneAssignment2.cpp(907,41): warning C4305: 'argument': truncation from 'double' to 'float'
C:\Users\tanyo\source\repos\.COMG\Application\Source\SceneAssignment2.cpp(913,70): warning C4305: 'argument': truncation from 'double' to 'float'
C:\Users\tanyo\source\repos\.COMG\Application\Source\SceneAssignment2.cpp(918,41): warning C4305: 'argument': truncation from 'double' to 'float'
C:\Users\tanyo\source\repos\.COMG\Application\Source\SceneAssignment2.cpp(924,70): warning C4305: 'argument': truncation from 'double' to 'float'
C:\Users\tanyo\source\repos\.COMG\Application\Source\SceneAssignment2.cpp(954,72): warning C4305: 'argument': truncation from 'double' to 'float'
C:\Users\tanyo\source\repos\.COMG\Application\Source\SceneAssignment2.cpp(954,93): warning C4244: 'argument': conversion from 'double' to 'float', possible loss of data
C:\Users\tanyo\source\repos\.COMG\Application\Source\SceneAssignment2.cpp(961,71): warning C4305: 'argument': truncation from 'double' to 'float'
C:\Users\tanyo\source\repos\.COMG\Application\Source\SceneAssignment2.cpp(961,94): warning C4244: 'argument': conversion from 'double' to 'float', possible loss of data
C:\Users\tanyo\source\repos\.COMG\Application\Source\SceneAssignment2.cpp(975,72): warning C4305: 'argument': truncation from 'double' to 'float'
C:\Users\tanyo\source\repos\.COMG\Application\Source\SceneAssignment2.cpp(975,84): warning C4244: 'argument': conversion from 'double' to 'float', possible loss of data
C:\Users\tanyo\source\repos\.COMG\Application\Source\SceneAssignment2.cpp(1100,27): warning C4244: '=': conversion from 'double' to 'float', possible loss of data
C:\Users\tanyo\source\repos\.COMG\Application\Source\SceneAssignment2.cpp(1160,31): warning C4244: '=': conversion from 'double' to 'float', possible loss of data
C:\Users\tanyo\source\repos\.COMG\Application\Source\SceneAssignment2.cpp(1324,28): warning C4018: '<': signed/unsigned mismatch
  SceneLight1.cpp
  SceneLight2.cpp
C:\Users\tanyo\source\repos\.COMG\Application\Source\SceneLight2.cpp(98,32): warning C4305: 'argument': truncation from 'double' to 'float'
C:\Users\tanyo\source\repos\.COMG\Application\Source\SceneLight2.cpp(145,114): warning C4305: 'argument': truncation from 'double' to 'float'
C:\Users\tanyo\source\repos\.COMG\Application\Source\SceneLight2.cpp(152,114): warning C4305: 'argument': truncation from 'double' to 'float'
C:\Users\tanyo\source\repos\.COMG\Application\Source\SceneLight2.cpp(168,104): warning C4305: 'argument': truncation from 'double' to 'float'
C:\Users\tanyo\source\repos\.COMG\Application\Source\SceneLight2.cpp(204,23): warning C4244: '+=': conversion from 'double' to 'float', possible loss of data
C:\Users\tanyo\source\repos\.COMG\Application\Source\SceneLight2.cpp(205,26): warning C4244: '+=': conversion from 'double' to 'float', possible loss of data
C:\Users\tanyo\source\repos\.COMG\Application\Source\SceneLight2.cpp(208,20): warning C4305: '+=': truncation from 'double' to 'float'
C:\Users\tanyo\source\repos\.COMG\Application\Source\SceneLight2.cpp(214,20): warning C4305: '-=': truncation from 'double' to 'float'
C:\Users\tanyo\source\repos\.COMG\Application\Source\SceneLight2.cpp(436,36): warning C4305: 'argument': truncation from 'double' to 'float'
  SceneModel.cpp
C:\Users\tanyo\source\repos\.COMG\Application\Source\SceneModel.cpp(104,32): warning C4305: 'argument': truncation from 'double' to 'float'
C:\Users\tanyo\source\repos\.COMG\Application\Source\SceneModel.cpp(196,24): warning C4244: '+=': conversion from 'double' to 'float', possible loss of data
C:\Users\tanyo\source\repos\.COMG\Application\Source\SceneModel.cpp(197,25): warning C4244: '+=': conversion from 'double' to 'float', possible loss of data
C:\Users\tanyo\source\repos\.COMG\Application\Source\SceneModel.cpp(200,20): warning C4305: '+=': truncation from 'double' to 'float'
C:\Users\tanyo\source\repos\.COMG\Application\Source\SceneModel.cpp(206,20): warning C4305: '-=': truncation from 'double' to 'float'
  SceneSkyBox.cpp
C:\Users\tanyo\source\repos\.COMG\Application\Source\SceneSkyBox.cpp(103,32): warning C4305: 'argument': truncation from 'double' to 'float'
C:\Users\tanyo\source\repos\.COMG\Application\Source\SceneSkyBox.cpp(176,24): warning C4244: '+=': conversion from 'double' to 'float', possible loss of data
C:\Users\tanyo\source\repos\.COMG\Application\Source\SceneSkyBox.cpp(177,25): warning C4244: '+=': conversion from 'double' to 'float', possible loss of data
C:\Users\tanyo\source\repos\.COMG\Application\Source\SceneSkyBox.cpp(180,20): warning C4305: '+=': truncation from 'double' to 'float'
C:\Users\tanyo\source\repos\.COMG\Application\Source\SceneSkyBox.cpp(186,20): warning C4305: '-=': truncation from 'double' to 'float'
  SceneText.cpp
C:\Users\tanyo\source\repos\.COMG\Application\Source\SceneText.cpp(110,32): warning C4305: 'argument': truncation from 'double' to 'float'
C:\Users\tanyo\source\repos\.COMG\Application\Source\SceneText.cpp(211,24): warning C4244: '+=': conversion from 'double' to 'float', possible loss of data
C:\Users\tanyo\source\repos\.COMG\Application\Source\SceneText.cpp(212,25): warning C4244: '+=': conversion from 'double' to 'float', possible loss of data
C:\Users\tanyo\source\repos\.COMG\Application\Source\SceneText.cpp(214,10): warning C4244: '=': conversion from 'double' to 'float', possible loss of data
C:\Users\tanyo\source\repos\.COMG\Application\Source\SceneText.cpp(217,20): warning C4305: '+=': truncation from 'double' to 'float'
C:\Users\tanyo\source\repos\.COMG\Application\Source\SceneText.cpp(223,20): warning C4305: '-=': truncation from 'double' to 'float'
  SceneTexture.cpp
C:\Users\tanyo\source\repos\.COMG\Application\Source\SceneTexture.cpp(103,32): warning C4305: 'argument': truncation from 'double' to 'float'
C:\Users\tanyo\source\repos\.COMG\Application\Source\SceneTexture.cpp(164,24): warning C4244: '+=': conversion from 'double' to 'float', possible loss of data
C:\Users\tanyo\source\repos\.COMG\Application\Source\SceneTexture.cpp(165,25): warning C4244: '+=': conversion from 'double' to 'float', possible loss of data
C:\Users\tanyo\source\repos\.COMG\Application\Source\SceneTexture.cpp(168,20): warning C4305: '+=': truncation from 'double' to 'float'
C:\Users\tanyo\source\repos\.COMG\Application\Source\SceneTexture.cpp(174,20): warning C4305: '-=': truncation from 'double' to 'float'
  SceneUI.cpp
C:\Users\tanyo\source\repos\.COMG\Application\Source\SceneUI.cpp(110,32): warning C4305: 'argument': truncation from 'double' to 'float'
C:\Users\tanyo\source\repos\.COMG\Application\Source\SceneUI.cpp(218,24): warning C4244: '+=': conversion from 'double' to 'float', possible loss of data
C:\Users\tanyo\source\repos\.COMG\Application\Source\SceneUI.cpp(219,25): warning C4244: '+=': conversion from 'double' to 'float', possible loss of data
C:\Users\tanyo\source\repos\.COMG\Application\Source\SceneUI.cpp(221,10): warning C4244: '=': conversion from 'double' to 'float', possible loss of data
C:\Users\tanyo\source\repos\.COMG\Application\Source\SceneUI.cpp(238,14): warning C4244: 'initializing': conversion from 'double' to 'float', possible loss of data
C:\Users\tanyo\source\repos\.COMG\Application\Source\SceneUI.cpp(239,14): warning C4244: 'initializing': conversion from 'double' to 'float', possible loss of data
C:\Users\tanyo\source\repos\.COMG\Application\Source\SceneUI.cpp(269,20): warning C4305: '+=': truncation from 'double' to 'float'
C:\Users\tanyo\source\repos\.COMG\Application\Source\SceneUI.cpp(275,20): warning C4305: '-=': truncation from 'double' to 'float'
  Generating Code...
LINK : warning LNK4098: defaultlib 'MSVCRT' conflicts with use of other libs; use /NODEFAULTLIB:library
  Application.vcxproj -> C:\Users\tanyo\source\repos\.COMG\Debug\Application.exe
